{"uuid":"b0d0ddad-31bc-442b-a7b9-227dc71a9504","name":"api.runner.CucumberRunner","start":1546281951751,"stop":1546281952235,"befores":[{"name":"setUpClass","status":"broken","statusDetails":{"known":false,"muted":false,"flaky":false,"message":"Couldn't load plugin class: io.qameta.allure","trace":"cucumber.runtime.CucumberException: Couldn't load plugin class: io.qameta.allure\r\n\tat cucumber.runtime.formatter.PluginFactory.loadClass(PluginFactory.java:181)\r\n\tat cucumber.runtime.formatter.PluginFactory.pluginClass(PluginFactory.java:166)\r\n\tat cucumber.runtime.formatter.PluginFactory.getPluginClass(PluginFactory.java:223)\r\n\tat cucumber.runtime.formatter.PluginFactory.isFormatterName(PluginFactory.java:201)\r\n\tat cucumber.runtime.RuntimeOptionsFactory.addPlugins(RuntimeOptionsFactory.java:94)\r\n\tat cucumber.runtime.RuntimeOptionsFactory.buildArgsFromOptions(RuntimeOptionsFactory.java:41)\r\n\tat cucumber.runtime.RuntimeOptionsFactory.create(RuntimeOptionsFactory.java:26)\r\n\tat cucumber.api.testng.TestNGCucumberRunner.<init>(TestNGCucumberRunner.java:40)\r\n\tat cucumber.api.testng.AbstractTestNGCucumberTests.setUpClass(AbstractTestNGCucumberTests.java:16)\r\n\tat sun.reflect.NativeMethodAccessorImpl.invoke0(Native Method)\r\n\tat sun.reflect.NativeMethodAccessorImpl.invoke(NativeMethodAccessorImpl.java:62)\r\n\tat sun.reflect.DelegatingMethodAccessorImpl.invoke(DelegatingMethodAccessorImpl.java:43)\r\n\tat java.lang.reflect.Method.invoke(Method.java:498)\r\n\tat org.testng.internal.MethodInvocationHelper.invokeMethod(MethodInvocationHelper.java:124)\r\n\tat org.testng.internal.MethodInvocationHelper.invokeMethodConsideringTimeout(MethodInvocationHelper.java:59)\r\n\tat org.testng.internal.Invoker.invokeConfigurationMethod(Invoker.java:458)\r\n\tat org.testng.internal.Invoker.invokeConfigurations(Invoker.java:222)\r\n\tat org.testng.internal.Invoker.invokeConfigurations(Invoker.java:142)\r\n\tat org.testng.internal.TestMethodWorker.invokeBeforeClassMethods(TestMethodWorker.java:168)\r\n\tat org.testng.internal.TestMethodWorker.run(TestMethodWorker.java:105)\r\n\tat org.testng.TestRunner.privateRun(TestRunner.java:648)\r\n\tat org.testng.TestRunner.run(TestRunner.java:505)\r\n\tat org.testng.SuiteRunner.runTest(SuiteRunner.java:455)\r\n\tat org.testng.SuiteRunner.runSequentially(SuiteRunner.java:450)\r\n\tat org.testng.SuiteRunner.privateRun(SuiteRunner.java:415)\r\n\tat org.testng.SuiteRunner.run(SuiteRunner.java:364)\r\n\tat org.testng.SuiteRunnerWorker.runSuite(SuiteRunnerWorker.java:52)\r\n\tat org.testng.SuiteRunnerWorker.run(SuiteRunnerWorker.java:84)\r\n\tat org.testng.TestNG.runSuitesSequentially(TestNG.java:1208)\r\n\tat org.testng.TestNG.runSuitesLocally(TestNG.java:1137)\r\n\tat org.testng.TestNG.runSuites(TestNG.java:1049)\r\n\tat org.testng.TestNG.run(TestNG.java:1017)\r\n\tat org.testng.IDEARemoteTestNG.run(IDEARemoteTestNG.java:72)\r\n\tat org.testng.RemoteTestNGStarter.main(RemoteTestNGStarter.java:123)\r\nCaused by: java.lang.ClassNotFoundException: io.qameta.allure\r\n\tat java.net.URLClassLoader.findClass(URLClassLoader.java:382)\r\n\tat java.lang.ClassLoader.loadClass(ClassLoader.java:424)\r\n\tat sun.misc.Launcher$AppClassLoader.loadClass(Launcher.java:349)\r\n\tat java.lang.ClassLoader.loadClass(ClassLoader.java:357)\r\n\tat cucumber.runtime.formatter.PluginFactory.loadClass(PluginFactory.java:174)\r\n\t... 33 more\r\n"},"stage":"finished","description":"","start":1546281951844,"stop":1546281951891}],"afters":[{"name":"tearDownClass","status":"passed","stage":"finished","description":"","start":1546281951969,"stop":1546281951969}]}